c:\users\sam\documents\visual studio 2015\projects\legoland\legoland\x64\debug\vc140.pdb
c:\users\sam\documents\visual studio 2015\projects\legoland\legoland\x64\debug\qrc_legoland.obj
c:\users\sam\documents\visual studio 2015\projects\legoland\legoland\x64\debug\main.obj
c:\users\sam\documents\visual studio 2015\projects\legoland\legoland\x64\debug\player.obj
c:\users\sam\documents\visual studio 2015\projects\legoland\legoland\x64\debug\moc_player.obj
c:\users\sam\documents\visual studio 2015\projects\legoland\legoland\x64\debug\game.obj
c:\users\sam\documents\visual studio 2015\projects\legoland\legoland\generatedfiles\ui_legoland.h
c:\users\sam\documents\visual studio 2015\projects\legoland\legoland\generatedfiles\qrc_legoland.cpp
c:\users\sam\documents\visual studio 2015\projects\legoland\legoland\generatedfiles\debug\moc_player.cpp
c:\users\sam\documents\visual studio 2015\projects\legoland\x64\debug\legoland.ilk
c:\users\sam\documents\visual studio 2015\projects\legoland\x64\debug\legoland.exe
c:\users\sam\documents\visual studio 2015\projects\legoland\x64\debug\legoland.pdb
c:\users\sam\documents\visual studio 2015\projects\legoland\legoland\x64\debug\legoland.tlog\cl.command.1.tlog
c:\users\sam\documents\visual studio 2015\projects\legoland\legoland\x64\debug\legoland.tlog\cl.read.1.tlog
c:\users\sam\documents\visual studio 2015\projects\legoland\legoland\x64\debug\legoland.tlog\cl.write.1.tlog
c:\users\sam\documents\visual studio 2015\projects\legoland\legoland\x64\debug\legoland.tlog\custombuild.command.1.tlog
c:\users\sam\documents\visual studio 2015\projects\legoland\legoland\x64\debug\legoland.tlog\custombuild.read.1.tlog
c:\users\sam\documents\visual studio 2015\projects\legoland\legoland\x64\debug\legoland.tlog\custombuild.write.1.tlog
c:\users\sam\documents\visual studio 2015\projects\legoland\legoland\x64\debug\legoland.tlog\link.command.1.tlog
c:\users\sam\documents\visual studio 2015\projects\legoland\legoland\x64\debug\legoland.tlog\link.read.1.tlog
c:\users\sam\documents\visual studio 2015\projects\legoland\legoland\x64\debug\legoland.tlog\link.write.1.tlog
